<?xml version="1.0" encoding="UTF-8"?>
<testsuite xmlns:xsi="http://www.w3.org/2001/XMLSchema-instance" xsi:noNamespaceSchemaLocation="https://maven.apache.org/surefire/maven-surefire-plugin/xsd/surefire-test-report-3.0.xsd" version="3.0" name="admitto.unum.model.diagnosticadmitto.unum.model.diagnostic.diagnostic.NameParser_Test" time="0.284" tests="2" errors="0" skipped="0" failures="0">
  <properties>
[...]
</properties>
  <testcase name="parseName_identifier_SimpleName" classname="admitto.unum.model.diagnosticadmitto.unum.model.diagnostic.diagnostic.NameParser_Test" time="0.239"/>
  <testcase name="parseName_dotNotation_qualifiedName" classname="admitto.unum.model.diagnosticadmitto.unum.model.diagnostic.diagnostic.NameParser_Test" time="0.01"/>
</testsuite>